Vivado Simulator 2018.2
Copyright 1986-1999, 2001-2018 Xilinx, Inc. All Rights Reserved.
Running: C:/Xilinx/Vivado/2018.2/bin/unwrapped/win64.o/xelab.exe -wto 23a89adb8b8b4219a96e17804bbeeb29 --incr --debug typical --relax --mt 2 -L xil_defaultlib -L secureip --snapshot processor_sim_behav xil_defaultlib.processor_sim -log elaborate.log 
Using 2 slave threads.
Starting static elaboration
Completed static elaboration
Starting simulation data flow analysis
Completed simulation data flow analysis
Time Resolution for simulation is 1ps
Compiling package std.standard
Compiling package std.textio
Compiling package ieee.std_logic_1164
Compiling package ieee.numeric_std
Compiling architecture behavioral of entity xil_defaultlib.Slow_Clk [slow_clk_default]
Compiling architecture behavioral of entity xil_defaultlib.Reg_3B [reg_3b_default]
Compiling architecture behavioral of entity xil_defaultlib.HA [ha_default]
Compiling architecture behavioral of entity xil_defaultlib.FA [fa_default]
Compiling architecture behavioral of entity xil_defaultlib.B3_Add [b3_add_default]
Compiling architecture behavioral of entity xil_defaultlib.MP_2W3B [mp_2w3b_default]
Compiling architecture behavioral of entity xil_defaultlib.ROM [rom_default]
Compiling architecture behavioral of entity xil_defaultlib.ID [id_default]
Compiling architecture behavioral of entity xil_defaultlib.MP_2W4B [mp_2w4b_default]
Compiling architecture behavioral of entity xil_defaultlib.Reg [reg_default]
Compiling architecture behavioral of entity xil_defaultlib.Reg_Bank [reg_bank_default]
Compiling architecture behavioral of entity xil_defaultlib.MP_8W4B [mp_8w4b_default]
Compiling architecture behavioral of entity xil_defaultlib.RCA_4 [rca_4_default]
Compiling architecture behavioral of entity xil_defaultlib.SevenSeg [sevenseg_default]
Compiling architecture behavioral of entity xil_defaultlib.SevenSeg2 [sevenseg2_default]
Compiling architecture behavioral of entity xil_defaultlib.processor [processor_default]
Compiling architecture behavioral of entity xil_defaultlib.processor_sim
Built simulation snapshot processor_sim_behav
